# JRE version: OpenJDK Runtime Environment (8.0_162-b12) (build 1.8.0_162-8u162-b12-0ubuntu0.16.04.2-b12)
# Java VM: OpenJDK 64-Bit Server VM (25.162-b12 mixed mode linux-amd64 compressed oops)
Heap:
 def new generation   total 4928K, used 452K [0x00000000f0800000, 0x00000000f0d50000, 0x00000000f5aa0000)
  eden space 4416K,  10% used [0x00000000f0800000, 0x00000000f08712d0, 0x00000000f0c50000)
  from space 512K,   0% used [0x00000000f0cd0000, 0x00000000f0cd0000, 0x00000000f0d50000)
  to   space 512K,   0% used [0x00000000f0c50000, 0x00000000f0c50000, 0x00000000f0cd0000)
 tenured generation   total 11520K, used 11483K [0x00000000f5aa0000, 0x00000000f65e0000, 0x0000000100000000)
   the space 11520K,  99% used [0x00000000f5aa0000, 0x00000000f65d6f28, 0x00000000f65d7000, 0x00000000f65e0000)
 Metaspace       used 7022K, capacity 7094K, committed 7296K, reserved 1056768K
  class space    used 742K, capacity 785K, committed 896K, reserved 1048576K
GC Heap History (10 events):
Event: 8,279 GC heap after
Heap after GC invocations=18 (full 0):
 def new generation   total 4928K, used 445K [0x00000000f0800000, 0x00000000f0d50000, 0x00000000f5aa0000)
  eden space 4416K,   0% used [0x00000000f0800000, 0x00000000f0800000, 0x00000000f0c50000)
  from space 512K,  86% used [0x00000000f0c50000, 0x00000000f0cbf460, 0x00000000f0cd0000)
  to   space 512K,   0% used [0x00000000f0cd0000, 0x00000000f0cd0000, 0x00000000f0d50000)
 tenured generation   total 10944K, used 9016K [0x00000000f5aa0000, 0x00000000f6550000, 0x0000000100000000)
   the space 10944K,  82% used [0x00000000f5aa0000, 0x00000000f636e3c0, 0x00000000f636e400, 0x00000000f6550000)
 Metaspace       used 7022K, capacity 7094K, committed 7296K, reserved 1056768K
  class space    used 742K, capacity 785K, committed 896K, reserved 1048576K
}
Event: 8,601 GC heap before
{Heap before GC invocations=18 (full 0):
 def new generation   total 4928K, used 4861K [0x00000000f0800000, 0x00000000f0d50000, 0x00000000f5aa0000)
  eden space 4416K, 100% used [0x00000000f0800000, 0x00000000f0c50000, 0x00000000f0c50000)
  from space 512K,  86% used [0x00000000f0c50000, 0x00000000f0cbf460, 0x00000000f0cd0000)
  to   space 512K,   0% used [0x00000000f0cd0000, 0x00000000f0cd0000, 0x00000000f0d50000)
 tenured generation   total 10944K, used 9016K [0x00000000f5aa0000, 0x00000000f6550000, 0x0000000100000000)
   the space 10944K,  82% used [0x00000000f5aa0000, 0x00000000f636e3c0, 0x00000000f636e400, 0x00000000f6550000)
 Metaspace       used 7022K, capacity 7094K, committed 7296K, reserved 1056768K
  class space    used 742K, capacity 785K, committed 896K, reserved 1048576K
Event: 8,622 GC heap after
Heap after GC invocations=19 (full 0):
 def new generation   total 4928K, used 445K [0x00000000f0800000, 0x00000000f0d50000, 0x00000000f5aa0000)
  eden space 4416K,   0% used [0x00000000f0800000, 0x00000000f0800000, 0x00000000f0c50000)
  from space 512K,  86% used [0x00000000f0cd0000, 0x00000000f0d3f410, 0x00000000f0d50000)
  to   space 512K,   0% used [0x00000000f0c50000, 0x00000000f0c50000, 0x00000000f0cd0000)
 tenured generation   total 10944K, used 9461K [0x00000000f5aa0000, 0x00000000f6550000, 0x0000000100000000)
   the space 10944K,  86% used [0x00000000f5aa0000, 0x00000000f63dd788, 0x00000000f63dd800, 0x00000000f6550000)
 Metaspace       used 7022K, capacity 7094K, committed 7296K, reserved 1056768K
  class space    used 742K, capacity 785K, committed 896K, reserved 1048576K
}
Event: 8,976 GC heap before
{Heap before GC invocations=19 (full 0):
 def new generation   total 4928K, used 4861K [0x00000000f0800000, 0x00000000f0d50000, 0x00000000f5aa0000)
  eden space 4416K, 100% used [0x00000000f0800000, 0x00000000f0c50000, 0x00000000f0c50000)
  from space 512K,  86% used [0x00000000f0cd0000, 0x00000000f0d3f410, 0x00000000f0d50000)
  to   space 512K,   0% used [0x00000000f0c50000, 0x00000000f0c50000, 0x00000000f0cd0000)
 tenured generation   total 10944K, used 9461K [0x00000000f5aa0000, 0x00000000f6550000, 0x0000000100000000)
   the space 10944K,  86% used [0x00000000f5aa0000, 0x00000000f63dd788, 0x00000000f63dd800, 0x00000000f6550000)
 Metaspace       used 7022K, capacity 7094K, committed 7296K, reserved 1056768K
  class space    used 742K, capacity 785K, committed 896K, reserved 1048576K
Event: 9,077 GC heap after
Heap after GC invocations=20 (full 0):
 def new generation   total 4928K, used 444K [0x00000000f0800000, 0x00000000f0d50000, 0x00000000f5aa0000)
  eden space 4416K,   0% used [0x00000000f0800000, 0x00000000f0800000, 0x00000000f0c50000)
  from space 512K,  86% used [0x00000000f0c50000, 0x00000000f0cbf3c8, 0x00000000f0cd0000)
  to   space 512K,   0% used [0x00000000f0cd0000, 0x00000000f0cd0000, 0x00000000f0d50000)
 tenured generation   total 10944K, used 9906K [0x00000000f5aa0000, 0x00000000f6550000, 0x0000000100000000)
   the space 10944K,  90% used [0x00000000f5aa0000, 0x00000000f644cb80, 0x00000000f644cc00, 0x00000000f6550000)
 Metaspace       used 7022K, capacity 7094K, committed 7296K, reserved 1056768K
  class space    used 742K, capacity 785K, committed 896K, reserved 1048576K
}
Event: 9,449 GC heap before
{Heap before GC invocations=20 (full 0):
 def new generation   total 4928K, used 4860K [0x00000000f0800000, 0x00000000f0d50000, 0x00000000f5aa0000)
  eden space 4416K, 100% used [0x00000000f0800000, 0x00000000f0c50000, 0x00000000f0c50000)
  from space 512K,  86% used [0x00000000f0c50000, 0x00000000f0cbf3c8, 0x00000000f0cd0000)
  to   space 512K,   0% used [0x00000000f0cd0000, 0x00000000f0cd0000, 0x00000000f0d50000)
 tenured generation   total 10944K, used 9906K [0x00000000f5aa0000, 0x00000000f6550000, 0x0000000100000000)
   the space 10944K,  90% used [0x00000000f5aa0000, 0x00000000f644cb80, 0x00000000f644cc00, 0x00000000f6550000)
 Metaspace       used 7022K, capacity 7094K, committed 7296K, reserved 1056768K
  class space    used 742K, capacity 785K, committed 896K, reserved 1048576K
Event: 9,484 GC heap after
Heap after GC invocations=21 (full 0):
 def new generation   total 4928K, used 445K [0x00000000f0800000, 0x00000000f0d50000, 0x00000000f5aa0000)
  eden space 4416K,   0% used [0x00000000f0800000, 0x00000000f0800000, 0x00000000f0c50000)
  from space 512K,  86% used [0x00000000f0cd0000, 0x00000000f0d3f408, 0x00000000f0d50000)
  to   space 512K,   0% used [0x00000000f0c50000, 0x00000000f0c50000, 0x00000000f0cd0000)
 tenured generation   total 10944K, used 10351K [0x00000000f5aa0000, 0x00000000f6550000, 0x0000000100000000)
   the space 10944K,  94% used [0x00000000f5aa0000, 0x00000000f64bbf30, 0x00000000f64bc000, 0x00000000f6550000)
 Metaspace       used 7022K, capacity 7094K, committed 7296K, reserved 1056768K
  class space    used 742K, capacity 785K, committed 896K, reserved 1048576K
}
Event: 10,186 GC heap before
{Heap before GC invocations=21 (full 0):
 def new generation   total 4928K, used 4861K [0x00000000f0800000, 0x00000000f0d50000, 0x00000000f5aa0000)
  eden space 4416K, 100% used [0x00000000f0800000, 0x00000000f0c50000, 0x00000000f0c50000)
  from space 512K,  86% used [0x00000000f0cd0000, 0x00000000f0d3f408, 0x00000000f0d50000)
  to   space 512K,   0% used [0x00000000f0c50000, 0x00000000f0c50000, 0x00000000f0cd0000)
 tenured generation   total 10944K, used 10351K [0x00000000f5aa0000, 0x00000000f6550000, 0x0000000100000000)
   the space 10944K,  94% used [0x00000000f5aa0000, 0x00000000f64bbf30, 0x00000000f64bc000, 0x00000000f6550000)
 Metaspace       used 7022K, capacity 7094K, committed 7296K, reserved 1056768K
  class space    used 742K, capacity 785K, committed 896K, reserved 1048576K
Event: 10,320 GC heap after
Heap after GC invocations=22 (full 0):
 def new generation   total 4928K, used 444K [0x00000000f0800000, 0x00000000f0d50000, 0x00000000f5aa0000)
  eden space 4416K,   0% used [0x00000000f0800000, 0x00000000f0800000, 0x00000000f0c50000)
  from space 512K,  86% used [0x00000000f0c50000, 0x00000000f0cbf3c8, 0x00000000f0cd0000)
  to   space 512K,   0% used [0x00000000f0cd0000, 0x00000000f0cd0000, 0x00000000f0d50000)
 tenured generation   total 10944K, used 10796K [0x00000000f5aa0000, 0x00000000f6550000, 0x0000000100000000)
   the space 10944K,  98% used [0x00000000f5aa0000, 0x00000000f652b2e0, 0x00000000f652b400, 0x00000000f6550000)
 Metaspace       used 7022K, capacity 7094K, committed 7296K, reserved 1056768K
  class space    used 742K, capacity 785K, committed 896K, reserved 1048576K
}
Event: 10,789 GC heap before
{Heap before GC invocations=22 (full 0):
 def new generation   total 4928K, used 4860K [0x00000000f0800000, 0x00000000f0d50000, 0x00000000f5aa0000)
  eden space 4416K, 100% used [0x00000000f0800000, 0x00000000f0c50000, 0x00000000f0c50000)
  from space 512K,  86% used [0x00000000f0c50000, 0x00000000f0cbf3c8, 0x00000000f0cd0000)
  to   space 512K,   0% used [0x00000000f0cd0000, 0x00000000f0cd0000, 0x00000000f0d50000)
 tenured generation   total 10944K, used 10796K [0x00000000f5aa0000, 0x00000000f6550000, 0x0000000100000000)
   the space 10944K,  98% used [0x00000000f5aa0000, 0x00000000f652b2e0, 0x00000000f652b400, 0x00000000f6550000)
 Metaspace       used 7022K, capacity 7094K, committed 7296K, reserved 1056768K
  class space    used 742K, capacity 785K, committed 896K, reserved 1048576K

